[DB] Native PG wire protocol → fleetos@127.0.0.1:5432/fleetos

  ✅ Fleet OS Web  →  http://0.0.0.0:8080
  🔍 Debug login   →  http://localhost:8080/api/debug-login
  🔍 Debug DB      →  http://localhost:8080/api/test-db
  DB: fleetos@127.0.0.1:5432/fleetos

  [DB] Running auto-setup...
  [DB] ✅ Connected to PostgreSQL (127.0.0.1:5432/fleetos)
  ✅ DB OK — 3 users | admin hash set
  ✅ All tables ready

  ┌────────────────────────────────────────┐
  │  Admin login: admin@fleetcop.com       │
  │  Password:    Admin@123                │
  │  Emergency:   /api/auth/reset-admin    │
  └────────────────────────────────────────┘
  ✅ DB setup complete
  ✅ Admin login: admin@fleetcop.com (DB)
[API] GET /api/vehicle-state/352312096996536 handleVehicleState is not defined
[API] GET /api/vehicle-state/352312097033263 handleVehicleState is not defined
[API] GET /api/routes-v2 handleRoutesV2 is not defined
[API] GET /api/vehicle-state/352312096996536 handleVehicleState is not defined
[API] GET /api/vehicle-state/352312097033263 handleVehicleState is not defined
